<?xml version="1.0" encoding="UTF-8"?>
<testsuite name="EtlTest" tests="4" skipped="0" failures="0" errors="0" timestamp="2015-12-16T22:35:09" hostname="LArmendes" time="0.09">
  <properties/>
  <testcase name="testTransformOneValue" classname="EtlTest" time="0.08"/>
  <testcase name="testFullDataset" classname="EtlTest" time="0.008"/>
  <testcase name="testTransformMoreValues" classname="EtlTest" time="0.001"/>
  <testcase name="testMoreKeys" classname="EtlTest" time="0.0"/>
  <system-out><![CDATA[]]></system-out>
  <system-err><![CDATA[]]></system-err>
</testsuite>
